TN:
SF:/Users/jordanmcquiston/Code/UCLABootcamp/Homework/Team-CLI/lib/Employee.js
FN:2,(anonymous_0)
FN:8,(anonymous_1)
FN:11,(anonymous_2)
FN:14,(anonymous_3)
FN:17,(anonymous_4)
FNF:5
FNH:5
FNDA:17,(anonymous_0)
FNDA:1,(anonymous_1)
FNDA:1,(anonymous_2)
FNDA:1,(anonymous_3)
FNDA:1,(anonymous_4)
DA:3,17
DA:4,17
DA:5,17
DA:6,17
DA:9,1
DA:12,1
DA:15,1
DA:18,1
DA:22,4
LF:9
LH:9
BRF:0
BRH:0
end_of_record
TN:
SF:/Users/jordanmcquiston/Code/UCLABootcamp/Homework/Team-CLI/lib/Engineer.js
FN:4,(anonymous_0)
FN:8,(anonymous_1)
FN:12,(anonymous_2)
FNF:3
FNH:3
FNDA:3,(anonymous_0)
FNDA:1,(anonymous_1)
FNDA:1,(anonymous_2)
DA:1,1
DA:5,3
DA:6,3
DA:9,1
DA:13,1
DA:18,1
LF:6
LH:6
BRF:0
BRH:0
end_of_record
TN:
SF:/Users/jordanmcquiston/Code/UCLABootcamp/Homework/Team-CLI/lib/Intern.js
FN:4,(anonymous_0)
FN:8,(anonymous_1)
FN:11,(anonymous_2)
FNF:3
FNH:3
FNDA:3,(anonymous_0)
FNDA:1,(anonymous_1)
FNDA:1,(anonymous_2)
DA:1,1
DA:5,3
DA:6,3
DA:9,1
DA:12,1
DA:16,1
LF:6
LH:6
BRF:0
BRH:0
end_of_record
TN:
SF:/Users/jordanmcquiston/Code/UCLABootcamp/Homework/Team-CLI/lib/Manager.js
FN:4,(anonymous_0)
FN:8,(anonymous_1)
FN:11,(anonymous_2)
FNF:3
FNH:3
FNDA:3,(anonymous_0)
FNDA:1,(anonymous_1)
FNDA:1,(anonymous_2)
DA:1,1
DA:5,3
DA:6,3
DA:9,1
DA:12,1
DA:16,1
LF:6
LH:6
BRF:0
BRH:0
end_of_record
